Connecting to server localhost:8888
Device interfaces:
eth3
eth2
eth1
<-- Ready to process packets -->
*** -> Received packet: 
	ip
	dl_vlan: untagged
	dl_vlan_pcp: 0
	dl_src: 00:00:00:00:00:01
	dl_dst: 00:00:00:00:00:02
	nw_src: 10.0.1.101
	nw_dst: 10.0.1.102
	nw_tos: 0
	nw_proto: 1
	icmp_type: 8
	icmp_code: 0
*** -> Received packet: 
	ip
	dl_vlan: untagged
	dl_vlan_pcp: 0
	dl_src: 00:00:00:00:00:01
	dl_dst: 00:00:00:00:00:03
	nw_src: 10.0.1.101
	nw_dst: 10.0.1.103
	nw_tos: 0
	nw_proto: 1
	icmp_type: 8
	icmp_code: 0
*** -> Received packet: 
	ip
	dl_vlan: untagged
	dl_vlan_pcp: 0
	dl_src: 00:00:00:00:00:01
	dl_dst: 00:00:00:00:00:04
	nw_src: 10.0.1.101
	nw_dst: 10.0.1.104
	nw_tos: 0
	nw_proto: 1
	icmp_type: 8
	icmp_code: 0
*** -> Received packet: 
	ip
	dl_vlan: untagged
	dl_vlan_pcp: 0
	dl_src: 00:00:00:00:00:04
	dl_dst: 00:00:00:00:00:01
	nw_src: 10.0.1.104
	nw_dst: 10.0.1.101
	nw_tos: 0
	nw_proto: 1
	icmp_type: 0
	icmp_code: 0
*** -> Received packet: 
	ip
	dl_vlan: untagged
	dl_vlan_pcp: 0
	dl_src: 00:00:00:00:00:01
	dl_dst: 00:00:00:00:00:05
	nw_src: 10.0.1.101
	nw_dst: 10.0.1.105
	nw_tos: 0
	nw_proto: 1
	icmp_type: 8
	icmp_code: 0
*** -> Received packet: 
	ip
	dl_vlan: untagged
	dl_vlan_pcp: 0
	dl_src: 00:00:00:00:00:05
	dl_dst: 00:00:00:00:00:01
	nw_src: 10.0.1.105
	nw_dst: 10.0.1.101
	nw_tos: 0
	nw_proto: 1
	icmp_type: 0
	icmp_code: 0
*** -> Received packet: 
	ip
	dl_vlan: untagged
	dl_vlan_pcp: 0
	dl_src: 00:00:00:00:00:02
	dl_dst: 00:00:00:00:00:04
	nw_src: 10.0.1.102
	nw_dst: 10.0.1.104
	nw_tos: 0
	nw_proto: 1
	icmp_type: 8
	icmp_code: 0
*** -> Received packet: 
	ip
	dl_vlan: untagged
	dl_vlan_pcp: 0
	dl_src: 00:00:00:00:00:04
	dl_dst: 00:00:00:00:00:02
	nw_src: 10.0.1.104
	nw_dst: 10.0.1.102
	nw_tos: 0
	nw_proto: 1
	icmp_type: 0
	icmp_code: 0
*** -> Received packet: 
	ip
	dl_vlan: untagged
	dl_vlan_pcp: 0
	dl_src: 00:00:00:00:00:02
	dl_dst: 00:00:00:00:00:05
	nw_src: 10.0.1.102
	nw_dst: 10.0.1.105
	nw_tos: 0
	nw_proto: 1
	icmp_type: 8
	icmp_code: 0
*** -> Received packet: 
	ip
	dl_vlan: untagged
	dl_vlan_pcp: 0
	dl_src: 00:00:00:00:00:05
	dl_dst: 00:00:00:00:00:02
	nw_src: 10.0.1.105
	nw_dst: 10.0.1.102
	nw_tos: 0
	nw_proto: 1
	icmp_type: 0
	icmp_code: 0
*** -> Received packet: 
	ip
	dl_vlan: untagged
	dl_vlan_pcp: 0
	dl_src: 00:00:00:00:00:03
	dl_dst: 00:00:00:00:00:04
	nw_src: 10.0.1.103
	nw_dst: 10.0.1.104
	nw_tos: 0
	nw_proto: 1
	icmp_type: 8
	icmp_code: 0
*** -> Received packet: 
	ip
	dl_vlan: untagged
	dl_vlan_pcp: 0
	dl_src: 00:00:00:00:00:04
	dl_dst: 00:00:00:00:00:03
	nw_src: 10.0.1.104
	nw_dst: 10.0.1.103
	nw_tos: 0
	nw_proto: 1
	icmp_type: 0
	icmp_code: 0
*** -> Received packet: 
	ip
	dl_vlan: untagged
	dl_vlan_pcp: 0
	dl_src: 00:00:00:00:00:03
	dl_dst: 00:00:00:00:00:05
	nw_src: 10.0.1.103
	nw_dst: 10.0.1.105
	nw_tos: 0
	nw_proto: 1
	icmp_type: 8
	icmp_code: 0
*** -> Received packet: 
	ip
	dl_vlan: untagged
	dl_vlan_pcp: 0
	dl_src: 00:00:00:00:00:05
	dl_dst: 00:00:00:00:00:03
	nw_src: 10.0.1.105
	nw_dst: 10.0.1.103
	nw_tos: 0
	nw_proto: 1
	icmp_type: 0
	icmp_code: 0
*** -> Received packet: 
	ip
	dl_vlan: untagged
	dl_vlan_pcp: 0
	dl_src: 00:00:00:00:00:04
	dl_dst: 00:00:00:00:00:01
	nw_src: 10.0.1.104
	nw_dst: 10.0.1.101
	nw_tos: 0
	nw_proto: 1
	icmp_type: 8
	icmp_code: 0
*** -> Received packet: 
	ip
	dl_vlan: untagged
	dl_vlan_pcp: 0
	dl_src: 00:00:00:00:00:01
	dl_dst: 00:00:00:00:00:04
	nw_src: 10.0.1.101
	nw_dst: 10.0.1.104
	nw_tos: 0
	nw_proto: 1
	icmp_type: 0
	icmp_code: 0
*** -> Received packet: 
	ip
	dl_vlan: untagged
	dl_vlan_pcp: 0
	dl_src: 00:00:00:00:00:04
	dl_dst: 00:00:00:00:00:02
	nw_src: 10.0.1.104
	nw_dst: 10.0.1.102
	nw_tos: 0
	nw_proto: 1
	icmp_type: 8
	icmp_code: 0
*** -> Received packet: 
	ip
	dl_vlan: untagged
	dl_vlan_pcp: 0
	dl_src: 00:00:00:00:00:02
	dl_dst: 00:00:00:00:00:04
	nw_src: 10.0.1.102
	nw_dst: 10.0.1.104
	nw_tos: 0
	nw_proto: 1
	icmp_type: 0
	icmp_code: 0
*** -> Received packet: 
	ip
	dl_vlan: untagged
	dl_vlan_pcp: 0
	dl_src: 00:00:00:00:00:04
	dl_dst: 00:00:00:00:00:03
	nw_src: 10.0.1.104
	nw_dst: 10.0.1.103
	nw_tos: 0
	nw_proto: 1
	icmp_type: 8
	icmp_code: 0
*** -> Received packet: 
	ip
	dl_vlan: untagged
	dl_vlan_pcp: 0
	dl_src: 00:00:00:00:00:03
	dl_dst: 00:00:00:00:00:04
	nw_src: 10.0.1.103
	nw_dst: 10.0.1.104
	nw_tos: 0
	nw_proto: 1
	icmp_type: 0
	icmp_code: 0
*** -> Received packet: 
	ip
	dl_vlan: untagged
	dl_vlan_pcp: 0
	dl_src: 00:00:00:00:00:04
	dl_dst: 00:00:00:00:00:05
	nw_src: 10.0.1.104
	nw_dst: 10.0.1.105
	nw_tos: 0
	nw_proto: 1
	icmp_type: 8
	icmp_code: 0
*** -> Received packet: 
	ip
	dl_vlan: untagged
	dl_vlan_pcp: 0
	dl_src: 00:00:00:00:00:05
	dl_dst: 00:00:00:00:00:04
	nw_src: 10.0.1.105
	nw_dst: 10.0.1.104
	nw_tos: 0
	nw_proto: 1
	icmp_type: 0
	icmp_code: 0
*** -> Received packet: 
	ip
	dl_vlan: untagged
	dl_vlan_pcp: 0
	dl_src: 00:00:00:00:00:05
	dl_dst: 00:00:00:00:00:01
	nw_src: 10.0.1.105
	nw_dst: 10.0.1.101
	nw_tos: 0
	nw_proto: 1
	icmp_type: 8
	icmp_code: 0
*** -> Received packet: 
	ip
	dl_vlan: untagged
	dl_vlan_pcp: 0
	dl_src: 00:00:00:00:00:01
	dl_dst: 00:00:00:00:00:05
	nw_src: 10.0.1.101
	nw_dst: 10.0.1.105
	nw_tos: 0
	nw_proto: 1
	icmp_type: 0
	icmp_code: 0
*** -> Received packet: 
	ip
	dl_vlan: untagged
	dl_vlan_pcp: 0
	dl_src: 00:00:00:00:00:05
	dl_dst: 00:00:00:00:00:02
	nw_src: 10.0.1.105
	nw_dst: 10.0.1.102
	nw_tos: 0
	nw_proto: 1
	icmp_type: 8
	icmp_code: 0
*** -> Received packet: 
	ip
	dl_vlan: untagged
	dl_vlan_pcp: 0
	dl_src: 00:00:00:00:00:02
	dl_dst: 00:00:00:00:00:05
	nw_src: 10.0.1.102
	nw_dst: 10.0.1.105
	nw_tos: 0
	nw_proto: 1
	icmp_type: 0
	icmp_code: 0
*** -> Received packet: 
	ip
	dl_vlan: untagged
	dl_vlan_pcp: 0
	dl_src: 00:00:00:00:00:05
	dl_dst: 00:00:00:00:00:03
	nw_src: 10.0.1.105
	nw_dst: 10.0.1.103
	nw_tos: 0
	nw_proto: 1
	icmp_type: 8
	icmp_code: 0
*** -> Received packet: 
	ip
	dl_vlan: untagged
	dl_vlan_pcp: 0
	dl_src: 00:00:00:00:00:03
	dl_dst: 00:00:00:00:00:05
	nw_src: 10.0.1.103
	nw_dst: 10.0.1.105
	nw_tos: 0
	nw_proto: 1
	icmp_type: 0
	icmp_code: 0
*** -> Received packet: 
	ip
	dl_vlan: untagged
	dl_vlan_pcp: 0
	dl_src: 00:00:00:00:00:05
	dl_dst: 00:00:00:00:00:04
	nw_src: 10.0.1.105
	nw_dst: 10.0.1.104
	nw_tos: 0
	nw_proto: 1
	icmp_type: 8
	icmp_code: 0
*** -> Received packet: 
	ip
	dl_vlan: untagged
	dl_vlan_pcp: 0
	dl_src: 00:00:00:00:00:04
	dl_dst: 00:00:00:00:00:05
	nw_src: 10.0.1.104
	nw_dst: 10.0.1.105
	nw_tos: 0
	nw_proto: 1
	icmp_type: 0
	icmp_code: 0
