Connecting to server localhost:8888
Device interfaces:
eth3	HWaddr DA:E2:92:1F:81:F6
	inet addr:10.0.101.2 Mask:255.255.255.0
eth2	HWaddr 12:83:BA:E4:FF:53
	inet addr:10.0.100.2 Mask:255.255.255.0
eth1	HWaddr D6:4C:32:E3:32:01
	inet addr:10.0.2.2 Mask:255.255.255.0
Loaded static route table
-------------------------------------------------
Destination	Gateway		Mask		Iface
10.0.2.0 	0.0.0.0 	255.255.255.0 	eth1
10.0.100.0 	0.0.0.0 	255.255.255.0 	eth2
10.0.101.0 	0.0.0.0 	255.255.255.0 	eth3
10.0.1.0 	10.0.100.1 	255.255.255.0 	eth2
10.0.102.0 	10.0.100.1 	255.255.255.0 	eth2
10.0.3.0 	10.0.101.3 	255.255.255.0 	eth3
-------------------------------------------------
<-- Ready to process packets -->
*** -> Received packet: 
	arp
	dl_vlan: untagged
	dl_vlan_pcp: 0
	dl_src: 00:00:00:00:00:02
	dl_dst: ff:ff:ff:ff:ff:ff
	nw_src: 10.0.2.102
	nw_dst: 10.0.2.2
*** -> Received packet: 
	ip
	dl_vlan: untagged
	dl_vlan_pcp: 0
	dl_src: 00:00:00:00:00:02
	dl_dst: d6:4c:32:e3:32:01
	nw_src: 10.0.2.102
	nw_dst: 10.0.1.101
	nw_tos: 0
	nw_proto: 1
	icmp_type: 8
	icmp_code: 0
Handle IP packet
Forward IP packet
*** -> Received packet: 
	arp
	dl_vlan: untagged
	dl_vlan_pcp: 0
	dl_src: 00:00:00:00:00:02
	dl_dst: d6:4c:32:e3:32:01
	nw_src: 10.0.2.102
	nw_dst: 10.0.2.2
*** -> Received packet: 
	arp
	dl_vlan: untagged
	dl_vlan_pcp: 0
	dl_src: 00:00:00:00:00:02
	dl_dst: d6:4c:32:e3:32:01
	nw_src: 10.0.2.102
	nw_dst: 10.0.2.2
*** -> Received packet: 
	arp
	dl_vlan: untagged
	dl_vlan_pcp: 0
	dl_src: 00:00:00:00:00:02
	dl_dst: d6:4c:32:e3:32:01
	nw_src: 10.0.2.102
	nw_dst: 10.0.2.2
*** -> Received packet: 
	ip
	dl_vlan: untagged
	dl_vlan_pcp: 0
	dl_src: 00:00:00:00:00:02
	dl_dst: d6:4c:32:e3:32:01
	nw_src: 10.0.2.102
	nw_dst: 10.0.3.103
	nw_tos: 0
	nw_proto: 1
	icmp_type: 8
	icmp_code: 0
Handle IP packet
Forward IP packet
*** -> Received packet: 
	arp
	dl_vlan: untagged
	dl_vlan_pcp: 0
	dl_src: 12:29:c6:2f:15:f1
	dl_dst: d6:4c:32:e3:32:01
	nw_src: 10.0.101.3
	nw_dst: 10.0.2.2
*** -> Received packet: 
	arp
	dl_vlan: untagged
	dl_vlan_pcp: 0
	dl_src: 12:29:c6:2f:15:f1
	dl_dst: ff:ff:ff:ff:ff:ff
	nw_src: 10.0.101.3
	nw_dst: 10.0.101.2
*** -> Received packet: 
	arp
	dl_vlan: untagged
	dl_vlan_pcp: 0
	dl_src: 12:29:c6:2f:15:f1
	dl_dst: ff:ff:ff:ff:ff:ff
	nw_src: 10.0.101.3
	nw_dst: 10.0.101.2
*** -> Received packet: 
	arp
	dl_vlan: untagged
	dl_vlan_pcp: 0
	dl_src: 12:29:c6:2f:15:f1
	dl_dst: ff:ff:ff:ff:ff:ff
	nw_src: 10.0.101.3
	nw_dst: 10.0.101.2
*** -> Received packet: 
	ip
	dl_vlan: untagged
	dl_vlan_pcp: 0
	dl_src: 12:29:c6:2f:15:f1
	dl_dst: da:e2:92:1f:81:f6
	nw_src: 10.0.101.3
	nw_dst: 10.0.2.102
	nw_tos: 0
	nw_proto: 1
	icmp_type: 3
	icmp_code: 1
Handle IP packet
Forward IP packet
*** -> Received packet: 
	ip
	dl_vlan: untagged
	dl_vlan_pcp: 0
	dl_src: 12:29:c6:2f:15:f1
	dl_dst: da:e2:92:1f:81:f6
	nw_src: 10.0.3.103
	nw_dst: 10.0.2.102
	nw_tos: 0
	nw_proto: 1
	icmp_type: 8
	icmp_code: 0
Handle IP packet
Forward IP packet
*** -> Received packet: 
	ip
	dl_vlan: untagged
	dl_vlan_pcp: 0
	dl_src: 00:00:00:00:00:02
	dl_dst: d6:4c:32:e3:32:01
	nw_src: 10.0.2.102
	nw_dst: 10.0.3.103
	nw_tos: 0
	nw_proto: 1
	icmp_type: 0
	icmp_code: 0
Handle IP packet
Forward IP packet
*** -> Received packet: 
	ip
	dl_vlan: untagged
	dl_vlan_pcp: 0
	dl_src: 12:29:c6:2f:15:f1
	dl_dst: da:e2:92:1f:81:f6
	nw_src: 10.0.101.3
	nw_dst: 10.0.2.102
	nw_tos: 0
	nw_proto: 1
	icmp_type: 3
	icmp_code: 1
Handle IP packet
Forward IP packet
*** -> Received packet: 
	arp
	dl_vlan: untagged
	dl_vlan_pcp: 0
	dl_src: 06:95:c5:ac:f4:d7
	dl_dst: ff:ff:ff:ff:ff:ff
	nw_src: 10.0.1.1
	nw_dst: 10.0.100.2
*** -> Received packet: 
	ip
	dl_vlan: untagged
	dl_vlan_pcp: 0
	dl_src: 2e:e3:3d:a5:74:69
	dl_dst: 12:83:ba:e4:ff:53
	nw_src: 10.0.1.101
	nw_dst: 10.0.2.102
	nw_tos: 0
	nw_proto: 1
	icmp_type: 8
	icmp_code: 0
Handle IP packet
Forward IP packet
*** -> Received packet: 
	ip
	dl_vlan: untagged
	dl_vlan_pcp: 0
	dl_src: 00:00:00:00:00:02
	dl_dst: d6:4c:32:e3:32:01
	nw_src: 10.0.2.102
	nw_dst: 10.0.1.101
	nw_tos: 0
	nw_proto: 1
	icmp_type: 0
	icmp_code: 0
Handle IP packet
Forward IP packet
*** -> Received packet: 
	arp
	dl_vlan: untagged
	dl_vlan_pcp: 0
	dl_src: 2e:e3:3d:a5:74:69
	dl_dst: d6:4c:32:e3:32:01
	nw_src: 10.0.100.1
	nw_dst: 10.0.2.2
*** -> Received packet: 
	ip
	dl_vlan: untagged
	dl_vlan_pcp: 0
	dl_src: 00:00:00:00:00:02
	dl_dst: d6:4c:32:e3:32:01
	nw_src: 10.0.2.102
	nw_dst: 10.0.1.101
	nw_tos: 0
	nw_proto: 1
	icmp_type: 8
	icmp_code: 0
Handle IP packet
Forward IP packet
*** -> Received packet: 
	ip
	dl_vlan: untagged
	dl_vlan_pcp: 0
	dl_src: 2e:e3:3d:a5:74:69
	dl_dst: 12:83:ba:e4:ff:53
	nw_src: 10.0.1.101
	nw_dst: 10.0.2.102
	nw_tos: 0
	nw_proto: 1
	icmp_type: 0
	icmp_code: 0
Handle IP packet
Forward IP packet
*** -> Received packet: 
	ip
	dl_vlan: untagged
	dl_vlan_pcp: 0
	dl_src: 00:00:00:00:00:02
	dl_dst: d6:4c:32:e3:32:01
	nw_src: 10.0.2.102
	nw_dst: 10.0.3.103
	nw_tos: 0
	nw_proto: 1
	icmp_type: 8
	icmp_code: 0
Handle IP packet
Forward IP packet
*** -> Received packet: 
	ip
	dl_vlan: untagged
	dl_vlan_pcp: 0
	dl_src: 12:29:c6:2f:15:f1
	dl_dst: da:e2:92:1f:81:f6
	nw_src: 10.0.3.103
	nw_dst: 10.0.2.102
	nw_tos: 0
	nw_proto: 1
	icmp_type: 0
	icmp_code: 0
Handle IP packet
Forward IP packet
*** -> Received packet: 
	ip
	dl_vlan: untagged
	dl_vlan_pcp: 0
	dl_src: 12:29:c6:2f:15:f1
	dl_dst: da:e2:92:1f:81:f6
	nw_src: 10.0.3.103
	nw_dst: 10.0.2.102
	nw_tos: 0
	nw_proto: 1
	icmp_type: 8
	icmp_code: 0
Handle IP packet
Forward IP packet
*** -> Received packet: 
	ip
	dl_vlan: untagged
	dl_vlan_pcp: 0
	dl_src: 00:00:00:00:00:02
	dl_dst: d6:4c:32:e3:32:01
	nw_src: 10.0.2.102
	nw_dst: 10.0.3.103
	nw_tos: 0
	nw_proto: 1
	icmp_type: 0
	icmp_code: 0
Handle IP packet
Forward IP packet
*** -> Received packet: 
	ip
	dl_vlan: untagged
	dl_vlan_pcp: 0
	dl_src: 2e:e3:3d:a5:74:69
	dl_dst: 12:83:ba:e4:ff:53
	nw_src: 10.0.1.101
	nw_dst: 10.0.2.102
	nw_tos: 0
	nw_proto: 1
	icmp_type: 8
	icmp_code: 0
Handle IP packet
Forward IP packet
*** -> Received packet: 
	ip
	dl_vlan: untagged
	dl_vlan_pcp: 0
	dl_src: 00:00:00:00:00:02
	dl_dst: d6:4c:32:e3:32:01
	nw_src: 10.0.2.102
	nw_dst: 10.0.1.101
	nw_tos: 0
	nw_proto: 1
	icmp_type: 0
	icmp_code: 0
Handle IP packet
Forward IP packet
*** -> Received packet: 
	ip
	dl_vlan: untagged
	dl_vlan_pcp: 0
	dl_src: 00:00:00:00:00:02
	dl_dst: d6:4c:32:e3:32:01
	nw_src: 10.0.2.102
	nw_dst: 10.0.1.101
	nw_tos: 0
	nw_proto: 1
	icmp_type: 8
	icmp_code: 0
Handle IP packet
Forward IP packet
*** -> Received packet: 
	ip
	dl_vlan: untagged
	dl_vlan_pcp: 0
	dl_src: 2e:e3:3d:a5:74:69
	dl_dst: 12:83:ba:e4:ff:53
	nw_src: 10.0.1.101
	nw_dst: 10.0.2.102
	nw_tos: 0
	nw_proto: 1
	icmp_type: 0
	icmp_code: 0
Handle IP packet
Forward IP packet
*** -> Received packet: 
	ip
	dl_vlan: untagged
	dl_vlan_pcp: 0
	dl_src: 00:00:00:00:00:02
	dl_dst: d6:4c:32:e3:32:01
	nw_src: 10.0.2.102
	nw_dst: 10.0.3.103
	nw_tos: 0
	nw_proto: 1
	icmp_type: 8
	icmp_code: 0
Handle IP packet
Forward IP packet
*** -> Received packet: 
	ip
	dl_vlan: untagged
	dl_vlan_pcp: 0
	dl_src: 12:29:c6:2f:15:f1
	dl_dst: da:e2:92:1f:81:f6
	nw_src: 10.0.3.103
	nw_dst: 10.0.2.102
	nw_tos: 0
	nw_proto: 1
	icmp_type: 0
	icmp_code: 0
Handle IP packet
Forward IP packet
*** -> Received packet: 
	ip
	dl_vlan: untagged
	dl_vlan_pcp: 0
	dl_src: 12:29:c6:2f:15:f1
	dl_dst: da:e2:92:1f:81:f6
	nw_src: 10.0.3.103
	nw_dst: 10.0.2.102
	nw_tos: 0
	nw_proto: 1
	icmp_type: 8
	icmp_code: 0
Handle IP packet
Forward IP packet
*** -> Received packet: 
	ip
	dl_vlan: untagged
	dl_vlan_pcp: 0
	dl_src: 00:00:00:00:00:02
	dl_dst: d6:4c:32:e3:32:01
	nw_src: 10.0.2.102
	nw_dst: 10.0.3.103
	nw_tos: 0
	nw_proto: 1
	icmp_type: 0
	icmp_code: 0
Handle IP packet
Forward IP packet
*** -> Received packet: 
	ip
	dl_vlan: untagged
	dl_vlan_pcp: 0
	dl_src: 2e:e3:3d:a5:74:69
	dl_dst: 12:83:ba:e4:ff:53
	nw_src: 10.0.1.101
	nw_dst: 10.0.2.102
	nw_tos: 0
	nw_proto: 1
	icmp_type: 8
	icmp_code: 0
Handle IP packet
Forward IP packet
*** -> Received packet: 
	ip
	dl_vlan: untagged
	dl_vlan_pcp: 0
	dl_src: 00:00:00:00:00:02
	dl_dst: d6:4c:32:e3:32:01
	nw_src: 10.0.2.102
	nw_dst: 10.0.1.101
	nw_tos: 0
	nw_proto: 1
	icmp_type: 0
	icmp_code: 0
Handle IP packet
Forward IP packet
*** -> Received packet: 
	ip
	dl_vlan: untagged
	dl_vlan_pcp: 0
	dl_src: 00:00:00:00:00:02
	dl_dst: d6:4c:32:e3:32:01
	nw_src: 10.0.2.102
	nw_dst: 10.0.1.101
	nw_tos: 0
	nw_proto: 1
	icmp_type: 8
	icmp_code: 0
Handle IP packet
Forward IP packet
*** -> Received packet: 
	ip
	dl_vlan: untagged
	dl_vlan_pcp: 0
	dl_src: 2e:e3:3d:a5:74:69
	dl_dst: 12:83:ba:e4:ff:53
	nw_src: 10.0.1.101
	nw_dst: 10.0.2.102
	nw_tos: 0
	nw_proto: 1
	icmp_type: 0
	icmp_code: 0
Handle IP packet
Forward IP packet
*** -> Received packet: 
	ip
	dl_vlan: untagged
	dl_vlan_pcp: 0
	dl_src: 00:00:00:00:00:02
	dl_dst: d6:4c:32:e3:32:01
	nw_src: 10.0.2.102
	nw_dst: 10.0.3.103
	nw_tos: 0
	nw_proto: 1
	icmp_type: 8
	icmp_code: 0
Handle IP packet
Forward IP packet
*** -> Received packet: 
	ip
	dl_vlan: untagged
	dl_vlan_pcp: 0
	dl_src: 12:29:c6:2f:15:f1
	dl_dst: da:e2:92:1f:81:f6
	nw_src: 10.0.3.103
	nw_dst: 10.0.2.102
	nw_tos: 0
	nw_proto: 1
	icmp_type: 0
	icmp_code: 0
Handle IP packet
Forward IP packet
*** -> Received packet: 
	ip
	dl_vlan: untagged
	dl_vlan_pcp: 0
	dl_src: 12:29:c6:2f:15:f1
	dl_dst: da:e2:92:1f:81:f6
	nw_src: 10.0.3.103
	nw_dst: 10.0.2.102
	nw_tos: 0
	nw_proto: 1
	icmp_type: 8
	icmp_code: 0
Handle IP packet
Forward IP packet
*** -> Received packet: 
	ip
	dl_vlan: untagged
	dl_vlan_pcp: 0
	dl_src: 00:00:00:00:00:02
	dl_dst: d6:4c:32:e3:32:01
	nw_src: 10.0.2.102
	nw_dst: 10.0.3.103
	nw_tos: 0
	nw_proto: 1
	icmp_type: 0
	icmp_code: 0
Handle IP packet
Forward IP packet
*** -> Received packet: 
	ip
	dl_vlan: untagged
	dl_vlan_pcp: 0
	dl_src: 2e:e3:3d:a5:74:69
	dl_dst: 12:83:ba:e4:ff:53
	nw_src: 10.0.1.101
	nw_dst: 10.0.2.102
	nw_tos: 0
	nw_proto: 1
	icmp_type: 8
	icmp_code: 0
Handle IP packet
Forward IP packet
*** -> Received packet: 
	ip
	dl_vlan: untagged
	dl_vlan_pcp: 0
	dl_src: 00:00:00:00:00:02
	dl_dst: d6:4c:32:e3:32:01
	nw_src: 10.0.2.102
	nw_dst: 10.0.1.101
	nw_tos: 0
	nw_proto: 1
	icmp_type: 0
	icmp_code: 0
Handle IP packet
Forward IP packet
*** -> Received packet: 
	ip
	dl_vlan: untagged
	dl_vlan_pcp: 0
	dl_src: 00:00:00:00:00:02
	dl_dst: d6:4c:32:e3:32:01
	nw_src: 10.0.2.102
	nw_dst: 10.0.1.101
	nw_tos: 0
	nw_proto: 1
	icmp_type: 8
	icmp_code: 0
Handle IP packet
Forward IP packet
*** -> Received packet: 
	ip
	dl_vlan: untagged
	dl_vlan_pcp: 0
	dl_src: 2e:e3:3d:a5:74:69
	dl_dst: 12:83:ba:e4:ff:53
	nw_src: 10.0.1.101
	nw_dst: 10.0.2.102
	nw_tos: 0
	nw_proto: 1
	icmp_type: 0
	icmp_code: 0
Handle IP packet
Forward IP packet
*** -> Received packet: 
	ip
	dl_vlan: untagged
	dl_vlan_pcp: 0
	dl_src: 00:00:00:00:00:02
	dl_dst: d6:4c:32:e3:32:01
	nw_src: 10.0.2.102
	nw_dst: 10.0.3.103
	nw_tos: 0
	nw_proto: 1
	icmp_type: 8
	icmp_code: 0
Handle IP packet
Forward IP packet
*** -> Received packet: 
	ip
	dl_vlan: untagged
	dl_vlan_pcp: 0
	dl_src: 12:29:c6:2f:15:f1
	dl_dst: da:e2:92:1f:81:f6
	nw_src: 10.0.3.103
	nw_dst: 10.0.2.102
	nw_tos: 0
	nw_proto: 1
	icmp_type: 0
	icmp_code: 0
Handle IP packet
Forward IP packet
*** -> Received packet: 
	ip
	dl_vlan: untagged
	dl_vlan_pcp: 0
	dl_src: 12:29:c6:2f:15:f1
	dl_dst: da:e2:92:1f:81:f6
	nw_src: 10.0.3.103
	nw_dst: 10.0.2.102
	nw_tos: 0
	nw_proto: 1
	icmp_type: 8
	icmp_code: 0
Handle IP packet
Forward IP packet
*** -> Received packet: 
	ip
	dl_vlan: untagged
	dl_vlan_pcp: 0
	dl_src: 00:00:00:00:00:02
	dl_dst: d6:4c:32:e3:32:01
	nw_src: 10.0.2.102
	nw_dst: 10.0.3.103
	nw_tos: 0
	nw_proto: 1
	icmp_type: 0
	icmp_code: 0
Handle IP packet
Forward IP packet
*** -> Received packet: 
	ip
	dl_vlan: untagged
	dl_vlan_pcp: 0
	dl_src: 2e:e3:3d:a5:74:69
	dl_dst: 12:83:ba:e4:ff:53
	nw_src: 10.0.1.101
	nw_dst: 10.0.2.102
	nw_tos: 0
	nw_proto: 1
	icmp_type: 8
	icmp_code: 0
Handle IP packet
Forward IP packet
*** -> Received packet: 
	ip
	dl_vlan: untagged
	dl_vlan_pcp: 0
	dl_src: 00:00:00:00:00:02
	dl_dst: d6:4c:32:e3:32:01
	nw_src: 10.0.2.102
	nw_dst: 10.0.1.101
	nw_tos: 0
	nw_proto: 1
	icmp_type: 0
	icmp_code: 0
Handle IP packet
Forward IP packet
*** -> Received packet: 
	ip
	dl_vlan: untagged
	dl_vlan_pcp: 0
	dl_src: 00:00:00:00:00:02
	dl_dst: d6:4c:32:e3:32:01
	nw_src: 10.0.2.102
	nw_dst: 10.0.1.101
	nw_tos: 0
	nw_proto: 1
	icmp_type: 8
	icmp_code: 0
Handle IP packet
Forward IP packet
*** -> Received packet: 
	ip
	dl_vlan: untagged
	dl_vlan_pcp: 0
	dl_src: 2e:e3:3d:a5:74:69
	dl_dst: 12:83:ba:e4:ff:53
	nw_src: 10.0.1.101
	nw_dst: 10.0.2.102
	nw_tos: 0
	nw_proto: 1
	icmp_type: 0
	icmp_code: 0
Handle IP packet
Forward IP packet
*** -> Received packet: 
	ip
	dl_vlan: untagged
	dl_vlan_pcp: 0
	dl_src: 00:00:00:00:00:02
	dl_dst: d6:4c:32:e3:32:01
	nw_src: 10.0.2.102
	nw_dst: 10.0.3.103
	nw_tos: 0
	nw_proto: 1
	icmp_type: 8
	icmp_code: 0
Handle IP packet
Forward IP packet
*** -> Received packet: 
	ip
	dl_vlan: untagged
	dl_vlan_pcp: 0
	dl_src: 12:29:c6:2f:15:f1
	dl_dst: da:e2:92:1f:81:f6
	nw_src: 10.0.3.103
	nw_dst: 10.0.2.102
	nw_tos: 0
	nw_proto: 1
	icmp_type: 0
	icmp_code: 0
Handle IP packet
Forward IP packet
*** -> Received packet: 
	ip
	dl_vlan: untagged
	dl_vlan_pcp: 0
	dl_src: 12:29:c6:2f:15:f1
	dl_dst: da:e2:92:1f:81:f6
	nw_src: 10.0.3.103
	nw_dst: 10.0.2.102
	nw_tos: 0
	nw_proto: 1
	icmp_type: 8
	icmp_code: 0
Handle IP packet
Forward IP packet
*** -> Received packet: 
	ip
	dl_vlan: untagged
	dl_vlan_pcp: 0
	dl_src: 00:00:00:00:00:02
	dl_dst: d6:4c:32:e3:32:01
	nw_src: 10.0.2.102
	nw_dst: 10.0.3.103
	nw_tos: 0
	nw_proto: 1
	icmp_type: 0
	icmp_code: 0
Handle IP packet
Forward IP packet
