Connecting to server localhost:8888
Device interfaces:
eth3	HWaddr F2:46:9D:C1:A1:2A
	inet addr:10.0.102.3 Mask:255.255.255.0
eth2	HWaddr 12:29:C6:2F:15:F1
	inet addr:10.0.101.3 Mask:255.255.255.0
eth1	HWaddr 8E:6C:24:A1:6B:9A
	inet addr:10.0.3.3 Mask:255.255.255.0
Loaded static route table
-------------------------------------------------
Destination	Gateway		Mask		Iface
10.0.3.0 	0.0.0.0 	255.255.255.0 	eth1
10.0.101.0 	0.0.0.0 	255.255.255.0 	eth2
10.0.102.0 	0.0.0.0 	255.255.255.0 	eth3
10.0.1.0 	10.0.102.1 	255.255.255.0 	eth3
10.0.100.0 	10.0.102.1 	255.255.255.0 	eth3
10.0.2.0 	10.0.101.2 	255.255.255.0 	eth2
-------------------------------------------------
<-- Ready to process packets -->
*** -> Received packet: 
	arp
	dl_vlan: untagged
	dl_vlan_pcp: 0
	dl_src: 06:95:c5:ac:f4:d7
	dl_dst: ff:ff:ff:ff:ff:ff
	nw_src: 10.0.1.1
	nw_dst: 10.0.102.3
*** -> Received packet: 
	ip
	dl_vlan: untagged
	dl_vlan_pcp: 0
	dl_src: 32:c8:2b:b6:60:b4
	dl_dst: f2:46:9d:c1:a1:2a
	nw_src: 10.0.1.101
	nw_dst: 10.0.3.103
	nw_tos: 0
	nw_proto: 1
	icmp_type: 8
	icmp_code: 0
Handle IP packet
Forward IP packet
*** -> Received packet: 
	arp
	dl_vlan: untagged
	dl_vlan_pcp: 0
	dl_src: 32:c8:2b:b6:60:b4
	dl_dst: f2:46:9d:c1:a1:2a
	nw_src: 10.0.102.1
	nw_dst: 10.0.102.3
*** -> Received packet: 
	arp
	dl_vlan: untagged
	dl_vlan_pcp: 0
	dl_src: 32:c8:2b:b6:60:b4
	dl_dst: f2:46:9d:c1:a1:2a
	nw_src: 10.0.102.1
	nw_dst: 10.0.102.3
*** -> Received packet: 
	arp
	dl_vlan: untagged
	dl_vlan_pcp: 0
	dl_src: 32:c8:2b:b6:60:b4
	dl_dst: f2:46:9d:c1:a1:2a
	nw_src: 10.0.102.1
	nw_dst: 10.0.102.3
*** -> Received packet: 
	arp
	dl_vlan: untagged
	dl_vlan_pcp: 0
	dl_src: d6:4c:32:e3:32:01
	dl_dst: ff:ff:ff:ff:ff:ff
	nw_src: 10.0.2.2
	nw_dst: 10.0.101.3
*** -> Received packet: 
	arp
	dl_vlan: untagged
	dl_vlan_pcp: 0
	dl_src: 00:00:00:00:00:03
	dl_dst: ff:ff:ff:ff:ff:ff
	nw_src: 10.0.3.103
	nw_dst: 10.0.3.3
*** -> Received packet: 
	ip
	dl_vlan: untagged
	dl_vlan_pcp: 0
	dl_src: 00:00:00:00:00:03
	dl_dst: 8e:6c:24:a1:6b:9a
	nw_src: 10.0.3.103
	nw_dst: 10.0.1.101
	nw_tos: 0
	nw_proto: 1
	icmp_type: 8
	icmp_code: 0
Handle IP packet
Forward IP packet
*** -> Received packet: 
	ip
	dl_vlan: untagged
	dl_vlan_pcp: 0
	dl_src: da:e2:92:1f:81:f6
	dl_dst: 12:29:c6:2f:15:f1
	nw_src: 10.0.2.102
	nw_dst: 10.0.3.103
	nw_tos: 0
	nw_proto: 1
	icmp_type: 8
	icmp_code: 0
Handle IP packet
Forward IP packet
*** -> Received packet: 
	arp
	dl_vlan: untagged
	dl_vlan_pcp: 0
	dl_src: da:e2:92:1f:81:f6
	dl_dst: 12:29:c6:2f:15:f1
	nw_src: 10.0.101.2
	nw_dst: 10.0.101.3
*** -> Received packet: 
	ip
	dl_vlan: untagged
	dl_vlan_pcp: 0
	dl_src: 32:c8:2b:b6:60:b4
	dl_dst: f2:46:9d:c1:a1:2a
	nw_src: 10.0.1.101
	nw_dst: 10.0.3.103
	nw_tos: 0
	nw_proto: 1
	icmp_type: 0
	icmp_code: 0
Handle IP packet
Forward IP packet
*** -> Received packet: 
	arp
	dl_vlan: untagged
	dl_vlan_pcp: 0
	dl_src: da:e2:92:1f:81:f6
	dl_dst: 12:29:c6:2f:15:f1
	nw_src: 10.0.101.2
	nw_dst: 10.0.101.3
*** -> Received packet: 
	arp
	dl_vlan: untagged
	dl_vlan_pcp: 0
	dl_src: da:e2:92:1f:81:f6
	dl_dst: 12:29:c6:2f:15:f1
	nw_src: 10.0.101.2
	nw_dst: 10.0.101.3
*** -> Received packet: 
	ip
	dl_vlan: untagged
	dl_vlan_pcp: 0
	dl_src: 00:00:00:00:00:03
	dl_dst: 8e:6c:24:a1:6b:9a
	nw_src: 10.0.3.103
	nw_dst: 10.0.2.102
	nw_tos: 0
	nw_proto: 1
	icmp_type: 8
	icmp_code: 0
Handle IP packet
Forward IP packet
*** -> Received packet: 
	ip
	dl_vlan: untagged
	dl_vlan_pcp: 0
	dl_src: da:e2:92:1f:81:f6
	dl_dst: 12:29:c6:2f:15:f1
	nw_src: 10.0.2.102
	nw_dst: 10.0.3.103
	nw_tos: 0
	nw_proto: 1
	icmp_type: 0
	icmp_code: 0
Handle IP packet
Forward IP packet
*** -> Received packet: 
	arp
	dl_vlan: untagged
	dl_vlan_pcp: 0
	dl_src: 00:00:00:00:00:03
	dl_dst: 12:29:c6:2f:15:f1
	nw_src: 10.0.3.103
	nw_dst: 10.0.101.3
*** -> Received packet: 
	ip
	dl_vlan: untagged
	dl_vlan_pcp: 0
	dl_src: 32:c8:2b:b6:60:b4
	dl_dst: f2:46:9d:c1:a1:2a
	nw_src: 10.0.1.101
	nw_dst: 10.0.3.103
	nw_tos: 0
	nw_proto: 1
	icmp_type: 8
	icmp_code: 0
Handle IP packet
Forward IP packet
*** -> Received packet: 
	ip
	dl_vlan: untagged
	dl_vlan_pcp: 0
	dl_src: 00:00:00:00:00:03
	dl_dst: 8e:6c:24:a1:6b:9a
	nw_src: 10.0.3.103
	nw_dst: 10.0.1.101
	nw_tos: 0
	nw_proto: 1
	icmp_type: 0
	icmp_code: 0
Handle IP packet
Forward IP packet
*** -> Received packet: 
	ip
	dl_vlan: untagged
	dl_vlan_pcp: 0
	dl_src: da:e2:92:1f:81:f6
	dl_dst: 12:29:c6:2f:15:f1
	nw_src: 10.0.2.102
	nw_dst: 10.0.3.103
	nw_tos: 0
	nw_proto: 1
	icmp_type: 8
	icmp_code: 0
Handle IP packet
Forward IP packet
*** -> Received packet: 
	ip
	dl_vlan: untagged
	dl_vlan_pcp: 0
	dl_src: 00:00:00:00:00:03
	dl_dst: 8e:6c:24:a1:6b:9a
	nw_src: 10.0.3.103
	nw_dst: 10.0.2.102
	nw_tos: 0
	nw_proto: 1
	icmp_type: 0
	icmp_code: 0
Handle IP packet
Forward IP packet
*** -> Received packet: 
	ip
	dl_vlan: untagged
	dl_vlan_pcp: 0
	dl_src: 00:00:00:00:00:03
	dl_dst: 8e:6c:24:a1:6b:9a
	nw_src: 10.0.3.103
	nw_dst: 10.0.1.101
	nw_tos: 0
	nw_proto: 1
	icmp_type: 8
	icmp_code: 0
Handle IP packet
Forward IP packet
*** -> Received packet: 
	ip
	dl_vlan: untagged
	dl_vlan_pcp: 0
	dl_src: 32:c8:2b:b6:60:b4
	dl_dst: f2:46:9d:c1:a1:2a
	nw_src: 10.0.1.101
	nw_dst: 10.0.3.103
	nw_tos: 0
	nw_proto: 1
	icmp_type: 0
	icmp_code: 0
Handle IP packet
Forward IP packet
*** -> Received packet: 
	ip
	dl_vlan: untagged
	dl_vlan_pcp: 0
	dl_src: 00:00:00:00:00:03
	dl_dst: 8e:6c:24:a1:6b:9a
	nw_src: 10.0.3.103
	nw_dst: 10.0.2.102
	nw_tos: 0
	nw_proto: 1
	icmp_type: 8
	icmp_code: 0
Handle IP packet
Forward IP packet
*** -> Received packet: 
	ip
	dl_vlan: untagged
	dl_vlan_pcp: 0
	dl_src: da:e2:92:1f:81:f6
	dl_dst: 12:29:c6:2f:15:f1
	nw_src: 10.0.2.102
	nw_dst: 10.0.3.103
	nw_tos: 0
	nw_proto: 1
	icmp_type: 0
	icmp_code: 0
Handle IP packet
Forward IP packet
*** -> Received packet: 
	ip
	dl_vlan: untagged
	dl_vlan_pcp: 0
	dl_src: 32:c8:2b:b6:60:b4
	dl_dst: f2:46:9d:c1:a1:2a
	nw_src: 10.0.1.101
	nw_dst: 10.0.3.103
	nw_tos: 0
	nw_proto: 1
	icmp_type: 8
	icmp_code: 0
Handle IP packet
Forward IP packet
*** -> Received packet: 
	ip
	dl_vlan: untagged
	dl_vlan_pcp: 0
	dl_src: 00:00:00:00:00:03
	dl_dst: 8e:6c:24:a1:6b:9a
	nw_src: 10.0.3.103
	nw_dst: 10.0.1.101
	nw_tos: 0
	nw_proto: 1
	icmp_type: 0
	icmp_code: 0
Handle IP packet
Forward IP packet
*** -> Received packet: 
	ip
	dl_vlan: untagged
	dl_vlan_pcp: 0
	dl_src: da:e2:92:1f:81:f6
	dl_dst: 12:29:c6:2f:15:f1
	nw_src: 10.0.2.102
	nw_dst: 10.0.3.103
	nw_tos: 0
	nw_proto: 1
	icmp_type: 8
	icmp_code: 0
Handle IP packet
Forward IP packet
*** -> Received packet: 
	ip
	dl_vlan: untagged
	dl_vlan_pcp: 0
	dl_src: 00:00:00:00:00:03
	dl_dst: 8e:6c:24:a1:6b:9a
	nw_src: 10.0.3.103
	nw_dst: 10.0.2.102
	nw_tos: 0
	nw_proto: 1
	icmp_type: 0
	icmp_code: 0
Handle IP packet
Forward IP packet
*** -> Received packet: 
	ip
	dl_vlan: untagged
	dl_vlan_pcp: 0
	dl_src: 00:00:00:00:00:03
	dl_dst: 8e:6c:24:a1:6b:9a
	nw_src: 10.0.3.103
	nw_dst: 10.0.1.101
	nw_tos: 0
	nw_proto: 1
	icmp_type: 8
	icmp_code: 0
Handle IP packet
Forward IP packet
*** -> Received packet: 
	ip
	dl_vlan: untagged
	dl_vlan_pcp: 0
	dl_src: 32:c8:2b:b6:60:b4
	dl_dst: f2:46:9d:c1:a1:2a
	nw_src: 10.0.1.101
	nw_dst: 10.0.3.103
	nw_tos: 0
	nw_proto: 1
	icmp_type: 0
	icmp_code: 0
Handle IP packet
Forward IP packet
*** -> Received packet: 
	ip
	dl_vlan: untagged
	dl_vlan_pcp: 0
	dl_src: 00:00:00:00:00:03
	dl_dst: 8e:6c:24:a1:6b:9a
	nw_src: 10.0.3.103
	nw_dst: 10.0.2.102
	nw_tos: 0
	nw_proto: 1
	icmp_type: 8
	icmp_code: 0
Handle IP packet
Forward IP packet
*** -> Received packet: 
	ip
	dl_vlan: untagged
	dl_vlan_pcp: 0
	dl_src: da:e2:92:1f:81:f6
	dl_dst: 12:29:c6:2f:15:f1
	nw_src: 10.0.2.102
	nw_dst: 10.0.3.103
	nw_tos: 0
	nw_proto: 1
	icmp_type: 0
	icmp_code: 0
Handle IP packet
Forward IP packet
*** -> Received packet: 
	ip
	dl_vlan: untagged
	dl_vlan_pcp: 0
	dl_src: 32:c8:2b:b6:60:b4
	dl_dst: f2:46:9d:c1:a1:2a
	nw_src: 10.0.1.101
	nw_dst: 10.0.3.103
	nw_tos: 0
	nw_proto: 1
	icmp_type: 8
	icmp_code: 0
Handle IP packet
Forward IP packet
*** -> Received packet: 
	ip
	dl_vlan: untagged
	dl_vlan_pcp: 0
	dl_src: 00:00:00:00:00:03
	dl_dst: 8e:6c:24:a1:6b:9a
	nw_src: 10.0.3.103
	nw_dst: 10.0.1.101
	nw_tos: 0
	nw_proto: 1
	icmp_type: 0
	icmp_code: 0
Handle IP packet
Forward IP packet
*** -> Received packet: 
	ip
	dl_vlan: untagged
	dl_vlan_pcp: 0
	dl_src: da:e2:92:1f:81:f6
	dl_dst: 12:29:c6:2f:15:f1
	nw_src: 10.0.2.102
	nw_dst: 10.0.3.103
	nw_tos: 0
	nw_proto: 1
	icmp_type: 8
	icmp_code: 0
Handle IP packet
Forward IP packet
*** -> Received packet: 
	ip
	dl_vlan: untagged
	dl_vlan_pcp: 0
	dl_src: 00:00:00:00:00:03
	dl_dst: 8e:6c:24:a1:6b:9a
	nw_src: 10.0.3.103
	nw_dst: 10.0.2.102
	nw_tos: 0
	nw_proto: 1
	icmp_type: 0
	icmp_code: 0
Handle IP packet
Forward IP packet
*** -> Received packet: 
	ip
	dl_vlan: untagged
	dl_vlan_pcp: 0
	dl_src: 00:00:00:00:00:03
	dl_dst: 8e:6c:24:a1:6b:9a
	nw_src: 10.0.3.103
	nw_dst: 10.0.1.101
	nw_tos: 0
	nw_proto: 1
	icmp_type: 8
	icmp_code: 0
Handle IP packet
Forward IP packet
*** -> Received packet: 
	ip
	dl_vlan: untagged
	dl_vlan_pcp: 0
	dl_src: 32:c8:2b:b6:60:b4
	dl_dst: f2:46:9d:c1:a1:2a
	nw_src: 10.0.1.101
	nw_dst: 10.0.3.103
	nw_tos: 0
	nw_proto: 1
	icmp_type: 0
	icmp_code: 0
Handle IP packet
Forward IP packet
*** -> Received packet: 
	ip
	dl_vlan: untagged
	dl_vlan_pcp: 0
	dl_src: 00:00:00:00:00:03
	dl_dst: 8e:6c:24:a1:6b:9a
	nw_src: 10.0.3.103
	nw_dst: 10.0.2.102
	nw_tos: 0
	nw_proto: 1
	icmp_type: 8
	icmp_code: 0
Handle IP packet
Forward IP packet
*** -> Received packet: 
	ip
	dl_vlan: untagged
	dl_vlan_pcp: 0
	dl_src: da:e2:92:1f:81:f6
	dl_dst: 12:29:c6:2f:15:f1
	nw_src: 10.0.2.102
	nw_dst: 10.0.3.103
	nw_tos: 0
	nw_proto: 1
	icmp_type: 0
	icmp_code: 0
Handle IP packet
Forward IP packet
*** -> Received packet: 
	ip
	dl_vlan: untagged
	dl_vlan_pcp: 0
	dl_src: 32:c8:2b:b6:60:b4
	dl_dst: f2:46:9d:c1:a1:2a
	nw_src: 10.0.1.101
	nw_dst: 10.0.3.103
	nw_tos: 0
	nw_proto: 1
	icmp_type: 8
	icmp_code: 0
Handle IP packet
Forward IP packet
*** -> Received packet: 
	ip
	dl_vlan: untagged
	dl_vlan_pcp: 0
	dl_src: 00:00:00:00:00:03
	dl_dst: 8e:6c:24:a1:6b:9a
	nw_src: 10.0.3.103
	nw_dst: 10.0.1.101
	nw_tos: 0
	nw_proto: 1
	icmp_type: 0
	icmp_code: 0
Handle IP packet
Forward IP packet
*** -> Received packet: 
	ip
	dl_vlan: untagged
	dl_vlan_pcp: 0
	dl_src: da:e2:92:1f:81:f6
	dl_dst: 12:29:c6:2f:15:f1
	nw_src: 10.0.2.102
	nw_dst: 10.0.3.103
	nw_tos: 0
	nw_proto: 1
	icmp_type: 8
	icmp_code: 0
Handle IP packet
Forward IP packet
*** -> Received packet: 
	ip
	dl_vlan: untagged
	dl_vlan_pcp: 0
	dl_src: 00:00:00:00:00:03
	dl_dst: 8e:6c:24:a1:6b:9a
	nw_src: 10.0.3.103
	nw_dst: 10.0.2.102
	nw_tos: 0
	nw_proto: 1
	icmp_type: 0
	icmp_code: 0
Handle IP packet
Forward IP packet
*** -> Received packet: 
	ip
	dl_vlan: untagged
	dl_vlan_pcp: 0
	dl_src: 00:00:00:00:00:03
	dl_dst: 8e:6c:24:a1:6b:9a
	nw_src: 10.0.3.103
	nw_dst: 10.0.1.101
	nw_tos: 0
	nw_proto: 1
	icmp_type: 8
	icmp_code: 0
Handle IP packet
Forward IP packet
*** -> Received packet: 
	ip
	dl_vlan: untagged
	dl_vlan_pcp: 0
	dl_src: 32:c8:2b:b6:60:b4
	dl_dst: f2:46:9d:c1:a1:2a
	nw_src: 10.0.1.101
	nw_dst: 10.0.3.103
	nw_tos: 0
	nw_proto: 1
	icmp_type: 0
	icmp_code: 0
Handle IP packet
Forward IP packet
*** -> Received packet: 
	ip
	dl_vlan: untagged
	dl_vlan_pcp: 0
	dl_src: 00:00:00:00:00:03
	dl_dst: 8e:6c:24:a1:6b:9a
	nw_src: 10.0.3.103
	nw_dst: 10.0.2.102
	nw_tos: 0
	nw_proto: 1
	icmp_type: 8
	icmp_code: 0
Handle IP packet
Forward IP packet
*** -> Received packet: 
	ip
	dl_vlan: untagged
	dl_vlan_pcp: 0
	dl_src: da:e2:92:1f:81:f6
	dl_dst: 12:29:c6:2f:15:f1
	nw_src: 10.0.2.102
	nw_dst: 10.0.3.103
	nw_tos: 0
	nw_proto: 1
	icmp_type: 0
	icmp_code: 0
Handle IP packet
Forward IP packet
*** -> Received packet: 
	ip
	dl_vlan: untagged
	dl_vlan_pcp: 0
	dl_src: 32:c8:2b:b6:60:b4
	dl_dst: f2:46:9d:c1:a1:2a
	nw_src: 10.0.1.101
	nw_dst: 10.0.3.103
	nw_tos: 0
	nw_proto: 1
	icmp_type: 8
	icmp_code: 0
Handle IP packet
Forward IP packet
*** -> Received packet: 
	ip
	dl_vlan: untagged
	dl_vlan_pcp: 0
	dl_src: 00:00:00:00:00:03
	dl_dst: 8e:6c:24:a1:6b:9a
	nw_src: 10.0.3.103
	nw_dst: 10.0.1.101
	nw_tos: 0
	nw_proto: 1
	icmp_type: 0
	icmp_code: 0
Handle IP packet
Forward IP packet
*** -> Received packet: 
	ip
	dl_vlan: untagged
	dl_vlan_pcp: 0
	dl_src: da:e2:92:1f:81:f6
	dl_dst: 12:29:c6:2f:15:f1
	nw_src: 10.0.2.102
	nw_dst: 10.0.3.103
	nw_tos: 0
	nw_proto: 1
	icmp_type: 8
	icmp_code: 0
Handle IP packet
Forward IP packet
*** -> Received packet: 
	ip
	dl_vlan: untagged
	dl_vlan_pcp: 0
	dl_src: 00:00:00:00:00:03
	dl_dst: 8e:6c:24:a1:6b:9a
	nw_src: 10.0.3.103
	nw_dst: 10.0.2.102
	nw_tos: 0
	nw_proto: 1
	icmp_type: 0
	icmp_code: 0
Handle IP packet
Forward IP packet
*** -> Received packet: 
	ip
	dl_vlan: untagged
	dl_vlan_pcp: 0
	dl_src: 00:00:00:00:00:03
	dl_dst: 8e:6c:24:a1:6b:9a
	nw_src: 10.0.3.103
	nw_dst: 10.0.1.101
	nw_tos: 0
	nw_proto: 1
	icmp_type: 8
	icmp_code: 0
Handle IP packet
Forward IP packet
*** -> Received packet: 
	ip
	dl_vlan: untagged
	dl_vlan_pcp: 0
	dl_src: 32:c8:2b:b6:60:b4
	dl_dst: f2:46:9d:c1:a1:2a
	nw_src: 10.0.1.101
	nw_dst: 10.0.3.103
	nw_tos: 0
	nw_proto: 1
	icmp_type: 0
	icmp_code: 0
Handle IP packet
Forward IP packet
*** -> Received packet: 
	ip
	dl_vlan: untagged
	dl_vlan_pcp: 0
	dl_src: 00:00:00:00:00:03
	dl_dst: 8e:6c:24:a1:6b:9a
	nw_src: 10.0.3.103
	nw_dst: 10.0.2.102
	nw_tos: 0
	nw_proto: 1
	icmp_type: 8
	icmp_code: 0
Handle IP packet
Forward IP packet
*** -> Received packet: 
	ip
	dl_vlan: untagged
	dl_vlan_pcp: 0
	dl_src: da:e2:92:1f:81:f6
	dl_dst: 12:29:c6:2f:15:f1
	nw_src: 10.0.2.102
	nw_dst: 10.0.3.103
	nw_tos: 0
	nw_proto: 1
	icmp_type: 0
	icmp_code: 0
Handle IP packet
Forward IP packet
